
> landscapr@1.0.0 start
> node set-version.js && ng serve

Wrote version 2026-01-17 07:07:13 to /app/src/environments/version.ts
- Generating browser application bundles (phase: setup)...
✔ Browser application bundle generation complete.

Initial Chunk Files                             | Names         |  Raw Size
vendor.js                                       | vendor        |   4.92 MB |
scripts.js                                      | scripts       |   1.37 MB |
main.js                                         | main          |   1.32 MB |
styles.css, styles.js                           | styles        | 611.00 kB |
polyfills.js                                    | polyfills     | 348.96 kB |
runtime.js                                      | runtime       |  14.14 kB |

| Initial Total |   8.56 MB

Lazy Chunk Files                                | Names         |  Raw Size
node_modules_canvg_lib_index_es_js.js           | canvg         | 424.04 kB |
node_modules_html2canvas_dist_html2canvas_js.js | html2canvas   | 390.81 kB |
node_modules_dompurify_dist_purify_js.js        | dompurify     |  64.19 kB |

Build at: 2026-01-17T07:07:35.461Z - Hash: c78056a19ef3887f - Time: 15584ms

Warning: /app/node_modules/canvg/lib/index.es.js depends on 'core-js/modules/es.array.index-of.js'. CommonJS or AMD dependencies can cause optimization bailouts.
For more info see: https://angular.io/guide/build#configuring-commonjs-dependencies

Warning: /app/node_modules/canvg/lib/index.es.js depends on 'core-js/modules/es.array.iterator.js'. CommonJS or AMD dependencies can cause optimization bailouts.
For more info see: https://angular.io/guide/build#configuring-commonjs-dependencies

Warning: /app/node_modules/canvg/lib/index.es.js depends on 'core-js/modules/es.array.reduce.js'. CommonJS or AMD dependencies can cause optimization bailouts.
For more info see: https://angular.io/guide/build#configuring-commonjs-dependencies

Warning: /app/node_modules/canvg/lib/index.es.js depends on 'core-js/modules/es.array.reverse.js'. CommonJS or AMD dependencies can cause optimization bailouts.
For more info see: https://angular.io/guide/build#configuring-commonjs-dependencies

Warning: /app/node_modules/canvg/lib/index.es.js depends on 'core-js/modules/es.promise.js'. CommonJS or AMD dependencies can cause optimization bailouts.
For more info see: https://angular.io/guide/build#configuring-commonjs-dependencies

Warning: /app/node_modules/canvg/lib/index.es.js depends on 'core-js/modules/es.regexp.to-string.js'. CommonJS or AMD dependencies can cause optimization bailouts.
For more info see: https://angular.io/guide/build#configuring-commonjs-dependencies

Warning: /app/node_modules/canvg/lib/index.es.js depends on 'core-js/modules/es.string.ends-with.js'. CommonJS or AMD dependencies can cause optimization bailouts.
For more info see: https://angular.io/guide/build#configuring-commonjs-dependencies

Warning: /app/node_modules/canvg/lib/index.es.js depends on 'core-js/modules/es.string.includes.js'. CommonJS or AMD dependencies can cause optimization bailouts.
For more info see: https://angular.io/guide/build#configuring-commonjs-dependencies

Warning: /app/node_modules/canvg/lib/index.es.js depends on 'core-js/modules/es.string.match.js'. CommonJS or AMD dependencies can cause optimization bailouts.
For more info see: https://angular.io/guide/build#configuring-commonjs-dependencies

Warning: /app/node_modules/canvg/lib/index.es.js depends on 'core-js/modules/es.string.replace.js'. CommonJS or AMD dependencies can cause optimization bailouts.
For more info see: https://angular.io/guide/build#configuring-commonjs-dependencies

Warning: /app/node_modules/canvg/lib/index.es.js depends on 'core-js/modules/es.string.split.js'. CommonJS or AMD dependencies can cause optimization bailouts.
For more info see: https://angular.io/guide/build#configuring-commonjs-dependencies

Warning: /app/node_modules/canvg/lib/index.es.js depends on 'core-js/modules/es.string.starts-with.js'. CommonJS or AMD dependencies can cause optimization bailouts.
For more info see: https://angular.io/guide/build#configuring-commonjs-dependencies

Warning: /app/node_modules/canvg/lib/index.es.js depends on 'core-js/modules/es.string.trim.js'. CommonJS or AMD dependencies can cause optimization bailouts.
For more info see: https://angular.io/guide/build#configuring-commonjs-dependencies

Warning: /app/node_modules/canvg/lib/index.es.js depends on 'core-js/modules/web.dom-collections.iterator.js'. CommonJS or AMD dependencies can cause optimization bailouts.
For more info see: https://angular.io/guide/build#configuring-commonjs-dependencies

Warning: /app/node_modules/canvg/lib/index.es.js depends on 'raf'. CommonJS or AMD dependencies can cause optimization bailouts.
For more info see: https://angular.io/guide/build#configuring-commonjs-dependencies

Warning: /app/node_modules/canvg/lib/index.es.js depends on 'rgbcolor'. CommonJS or AMD dependencies can cause optimization bailouts.
For more info see: https://angular.io/guide/build#configuring-commonjs-dependencies

Warning: /app/node_modules/jspdf/dist/jspdf.es.min.js depends on 'dompurify'. CommonJS or AMD dependencies can cause optimization bailouts.
For more info see: https://angular.io/guide/build#configuring-commonjs-dependencies

Warning: /app/node_modules/jspdf/dist/jspdf.es.min.js depends on 'html2canvas'. CommonJS or AMD dependencies can cause optimization bailouts.
For more info see: https://angular.io/guide/build#configuring-commonjs-dependencies

Warning: /app/node_modules/ngx-filesaver/__ivy_ngcc__/fesm2015/ngx-filesaver.js depends on 'file-saver'. CommonJS or AMD dependencies can cause optimization bailouts.
For more info see: https://angular.io/guide/build#configuring-commonjs-dependencies

Warning: /app/src/app/services/ppt-export.service.ts depends on 'pptxgenjs'. CommonJS or AMD dependencies can cause optimization bailouts.
For more info see: https://angular.io/guide/build#configuring-commonjs-dependencies



Error: src/app/repositories/repositories.component.html:11:28 - error NG8002: Can't bind to 'collapse' since it isn't a known property of 'div'.

11     <div class="card-body" [collapse]="isRepoCollapsed">
                              ~~~~~~~~~~~~~~~~~~~~~~~~~~~~

  src/app/repositories/repositories.component.ts:16:16
    16   templateUrl: './repositories.component.html',
                      ~~~~~~~~~~~~~~~~~~~~~~~~~~~~~~~
    Error occurs in the template of component RepositoriesComponent.




** Angular Live Development Server is listening on localhost:4200, open your browser on http://localhost:4200/ **


✖ Failed to compile.
✔ Browser application bundle generation complete.

Initial Chunk Files | Names   | Raw Size
main.js             | main    |  1.32 MB |
runtime.js          | runtime | 14.14 kB |

7 unchanged chunks

Build at: 2026-01-17T07:08:18.183Z - Hash: 7e7790917adbd1f4 - Time: 1730ms

✔ Compiled successfully.
✔ Browser application bundle generation complete.

Initial Chunk Files | Names   | Raw Size
main.js             | main    |  1.32 MB |
runtime.js          | runtime | 14.14 kB |

7 unchanged chunks

Build at: 2026-01-17T07:09:56.916Z - Hash: f0e2b6b51687da53 - Time: 1254ms

✔ Compiled successfully.
✔ Browser application bundle generation complete.

Initial Chunk Files | Names   | Raw Size
main.js             | main    |  1.32 MB |
runtime.js          | runtime | 14.14 kB |

7 unchanged chunks

Build at: 2026-01-17T07:14:11.446Z - Hash: b4a47b7b5045224f - Time: 3100ms

✔ Compiled successfully.
✔ Browser application bundle generation complete.

9 unchanged chunks

Build at: 2026-01-17T07:15:17.153Z - Hash: b4a47b7b5045224f - Time: 1767ms

✔ Compiled successfully.
✔ Browser application bundle generation complete.

Initial Chunk Files | Names   | Raw Size
main.js             | main    |  1.32 MB |
runtime.js          | runtime | 14.14 kB |

7 unchanged chunks

Build at: 2026-01-17T07:34:59.198Z - Hash: 2cc42a33dfd533a3 - Time: 7673ms

✔ Compiled successfully.
✔ Browser application bundle generation complete.

Initial Chunk Files | Names   | Raw Size
main.js             | main    |  1.32 MB |
runtime.js          | runtime | 14.14 kB |

7 unchanged chunks

Build at: 2026-01-17T07:35:33.873Z - Hash: 9ca91a373831a988 - Time: 6534ms

✔ Compiled successfully.
✔ Browser application bundle generation complete.

Initial Chunk Files | Names   | Raw Size
main.js             | main    |  1.32 MB |
runtime.js          | runtime | 14.14 kB |

7 unchanged chunks

Build at: 2026-01-17T07:37:47.077Z - Hash: c77ee01415fd708a - Time: 1311ms

✔ Compiled successfully.
