
> landscapr@1.0.0 start
> node set-version.js && ng serve

Wrote version 2026-01-18 17:10:26 to /app/src/environments/version.ts
- Generating browser application bundles (phase: setup)...
DEPRECATION WARNING: Using / for division outside of calc() is deprecated and will be removed in Dart Sass 2.0.0.

Recommendation: math.div(20em, 16) or calc(20em / 16)

More info and automated migrator: https://sass-lang.com/d/slash-div

   ╷
12 │ $fa-fw-width:          (20em / 16);
   │                         ^^^^^^^^^
   ╵
    node_modules/@fortawesome/fontawesome-free/scss/_variables.scss 12:25  @import
    node_modules/@fortawesome/fontawesome-free/scss/fontawesome.scss 5:9   root stylesheet

DEPRECATION WARNING: Using / for division outside of calc() is deprecated and will be removed in Dart Sass 2.0.0.

Recommendation: math.div(4em, 3) or calc(4em / 3)

More info and automated migrator: https://sass-lang.com/d/slash-div

  ╷
6 │   font-size: (4em / 3);
  │               ^^^^^^^
  ╵
    node_modules/@fortawesome/fontawesome-free/scss/_larger.scss 6:15     @import
    node_modules/@fortawesome/fontawesome-free/scss/fontawesome.scss 8:9  root stylesheet

DEPRECATION WARNING: Using / for division outside of calc() is deprecated and will be removed in Dart Sass 2.0.0.

Recommendation: math.div(3em, 4) or calc(3em / 4)

More info and automated migrator: https://sass-lang.com/d/slash-div

  ╷
7 │   line-height: (3em / 4);
  │                 ^^^^^^^
  ╵
    node_modules/@fortawesome/fontawesome-free/scss/_larger.scss 7:17     @import
    node_modules/@fortawesome/fontawesome-free/scss/fontawesome.scss 8:9  root stylesheet

DEPRECATION WARNING: Using / for division outside of calc() is deprecated and will be removed in Dart Sass 2.0.0.

Recommendation: math.div($fa-li-width * 5, 4) or calc($fa-li-width * 5 / 4)

More info and automated migrator: https://sass-lang.com/d/slash-div

  ╷
6 │   margin-left: $fa-li-width * 5/4;
  │                ^^^^^^^^^^^^^^^^^^
  ╵
    node_modules/@fortawesome/fontawesome-free/scss/_list.scss 6:16        @import
    node_modules/@fortawesome/fontawesome-free/scss/fontawesome.scss 10:9  root stylesheet

✔ Browser application bundle generation complete.

Initial Chunk Files                             | Names         |  Raw Size
vendor.js                                       | vendor        |   5.14 MB |
main.js                                         | main          |   1.67 MB |
scripts.js                                      | scripts       |   1.37 MB |
styles.css, styles.js                           | styles        | 579.15 kB |
polyfills.js                                    | polyfills     | 348.96 kB |
runtime.js                                      | runtime       |  14.14 kB |

| Initial Total |   9.10 MB

Lazy Chunk Files                                | Names         |  Raw Size
node_modules_canvg_lib_index_es_js.js           | canvg         | 424.04 kB |
node_modules_html2canvas_dist_html2canvas_js.js | html2canvas   | 390.81 kB |
node_modules_dompurify_dist_purify_js.js        | dompurify     |  64.19 kB |

Build at: 2026-01-18T17:10:56.740Z - Hash: f99910e09570587e - Time: 26984ms

** Angular Live Development Server is listening on localhost:4200, open your browser on http://localhost:4200/ **


✔ Compiled successfully.
